# JRE version: Java(TM) SE Runtime Environment (8.0_192-b12) (build 1.8.0_192-b12)
# Java VM: Java HotSpot(TM) 64-Bit Server VM (25.192-b12 mixed mode windows-amd64 compressed oops)
Heap:
 PSYoungGen      total 102400K, used 45738K [0x00000000eab00000, 0x00000000fff00000, 0x0000000100000000)
  eden space 97280K, 47% used [0x00000000eab00000,0x00000000ed7aab48,0x00000000f0a00000)
  from space 5120K, 0% used [0x00000000f3200000,0x00000000f3200000,0x00000000f3700000)
  to   space 40960K, 0% used [0x00000000f0a00000,0x00000000f0a00000,0x00000000f3200000)
 ParOldGen       total 87552K, used 87481K [0x00000000c0000000, 0x00000000c5580000, 0x00000000eab00000)
  object space 87552K, 99% used [0x00000000c0000000,0x00000000c556e618,0x00000000c5580000)
 Metaspace       used 25683K, capacity 26376K, committed 26496K, reserved 1073152K
  class space    used 3009K, capacity 3178K, committed 3200K, reserved 1048576K
GC Heap History (10 events):
Event: 6.851 GC heap before
{Heap before GC invocations=8 (full 2):
 PSYoungGen      total 102400K, used 5088K [0x00000000eab00000, 0x00000000fff00000, 0x0000000100000000)
  eden space 97280K, 0% used [0x00000000eab00000,0x00000000eab00000,0x00000000f0a00000)
  from space 5120K, 99% used [0x00000000f3200000,0x00000000f36f8030,0x00000000f3700000)
  to   space 40960K, 0% used [0x00000000f0a00000,0x00000000f0a00000,0x00000000f3200000)
 ParOldGen       total 87552K, used 78268K [0x00000000c0000000, 0x00000000c5580000, 0x00000000eab00000)
  object space 87552K, 89% used [0x00000000c0000000,0x00000000c4c6f3e0,0x00000000c5580000)
 Metaspace       used 21340K, capacity 21826K, committed 21888K, reserved 1069056K
  class space    used 2559K, capacity 2681K, committed 2688K, reserved 1048576K
Event: 7.168 GC heap after
Heap after GC invocations=8 (full 2):
 PSYoungGen      total 102400K, used 0K [0x00000000eab00000, 0x00000000fff00000, 0x0000000100000000)
  eden space 97280K, 0% used [0x00000000eab00000,0x00000000eab00000,0x00000000f0a00000)
  from space 5120K, 0% used [0x00000000f3200000,0x00000000f3200000,0x00000000f3700000)
  to   space 40960K, 0% used [0x00000000f0a00000,0x00000000f0a00000,0x00000000f3200000)
 ParOldGen       total 87552K, used 71725K [0x00000000c0000000, 0x00000000c5580000, 0x00000000eab00000)
  object space 87552K, 81% used [0x00000000c0000000,0x00000000c460b500,0x00000000c5580000)
 Metaspace       used 21340K, capacity 21826K, committed 21888K, reserved 1069056K
  class space    used 2559K, capacity 2681K, committed 2688K, reserved 1048576K
}
Event: 7.732 GC heap before
{Heap before GC invocations=9 (full 3):
 PSYoungGen      total 102400K, used 97280K [0x00000000eab00000, 0x00000000fff00000, 0x0000000100000000)
  eden space 97280K, 100% used [0x00000000eab00000,0x00000000f0a00000,0x00000000f0a00000)
  from space 5120K, 0% used [0x00000000f3200000,0x00000000f3200000,0x00000000f3700000)
  to   space 40960K, 0% used [0x00000000f0a00000,0x00000000f0a00000,0x00000000f3200000)
 ParOldGen       total 87552K, used 71725K [0x00000000c0000000, 0x00000000c5580000, 0x00000000eab00000)
  object space 87552K, 81% used [0x00000000c0000000,0x00000000c460b500,0x00000000c5580000)
 Metaspace       used 22049K, capacity 22566K, committed 22784K, reserved 1069056K
  class space    used 2619K, capacity 2751K, committed 2816K, reserved 1048576K
Event: 8.472 GC heap after
Heap after GC invocations=9 (full 3):
 PSYoungGen      total 102400K, used 2587K [0x00000000eab00000, 0x00000000fff00000, 0x0000000100000000)
  eden space 97280K, 2% used [0x00000000eab00000,0x00000000ead86f28,0x00000000f0a00000)
  from space 5120K, 0% used [0x00000000f3200000,0x00000000f3200000,0x00000000f3700000)
  to   space 40960K, 0% used [0x00000000f0a00000,0x00000000f0a00000,0x00000000f3200000)
 ParOldGen       total 87552K, used 87512K [0x00000000c0000000, 0x00000000c5580000, 0x00000000eab00000)
  object space 87552K, 99% used [0x00000000c0000000,0x00000000c55762d8,0x00000000c5580000)
 Metaspace       used 22049K, capacity 22566K, committed 22784K, reserved 1069056K
  class space    used 2619K, capacity 2751K, committed 2816K, reserved 1048576K
}
Event: 13.960 GC heap before
{Heap before GC invocations=10 (full 4):
 PSYoungGen      total 102400K, used 97280K [0x00000000eab00000, 0x00000000fff00000, 0x0000000100000000)
  eden space 97280K, 100% used [0x00000000eab00000,0x00000000f0a00000,0x00000000f0a00000)
  from space 5120K, 0% used [0x00000000f3200000,0x00000000f3200000,0x00000000f3700000)
  to   space 40960K, 0% used [0x00000000f0a00000,0x00000000f0a00000,0x00000000f3200000)
 ParOldGen       total 87552K, used 87512K [0x00000000c0000000, 0x00000000c5580000, 0x00000000eab00000)
  object space 87552K, 99% used [0x00000000c0000000,0x00000000c55762d8,0x00000000c5580000)
 Metaspace       used 24735K, capacity 25310K, committed 25344K, reserved 1071104K
  class space    used 2901K, capacity 3043K, committed 3072K, reserved 1048576K
Event: 14.160 GC heap after
Heap after GC invocations=10 (full 4):
 PSYoungGen      total 102400K, used 0K [0x00000000eab00000, 0x00000000fff00000, 0x0000000100000000)
  eden space 97280K, 0% used [0x00000000eab00000,0x00000000eab00000,0x00000000f0a00000)
  from space 5120K, 0% used [0x00000000f3200000,0x00000000f3200000,0x00000000f3700000)
  to   space 40960K, 0% used [0x00000000f0a00000,0x00000000f0a00000,0x00000000f3200000)
 ParOldGen       total 87552K, used 61459K [0x00000000c0000000, 0x00000000c5580000, 0x00000000eab00000)
  object space 87552K, 70% used [0x00000000c0000000,0x00000000c3c04c98,0x00000000c5580000)
 Metaspace       used 24735K, capacity 25310K, committed 25344K, reserved 1071104K
  class space    used 2901K, capacity 3043K, committed 3072K, reserved 1048576K
}
Event: 15.561 GC heap before
{Heap before GC invocations=11 (full 5):
 PSYoungGen      total 102400K, used 97280K [0x00000000eab00000, 0x00000000fff00000, 0x0000000100000000)
  eden space 97280K, 100% used [0x00000000eab00000,0x00000000f0a00000,0x00000000f0a00000)
  from space 5120K, 0% used [0x00000000f3200000,0x00000000f3200000,0x00000000f3700000)
  to   space 40960K, 0% used [0x00000000f0a00000,0x00000000f0a00000,0x00000000f3200000)
 ParOldGen       total 87552K, used 61459K [0x00000000c0000000, 0x00000000c5580000, 0x00000000eab00000)
  object space 87552K, 70% used [0x00000000c0000000,0x00000000c3c04c98,0x00000000c5580000)
 Metaspace       used 24871K, capacity 25422K, committed 25600K, reserved 1071104K
  class space    used 2911K, capacity 3051K, committed 3072K, reserved 1048576K
Event: 15.724 GC heap after
Heap after GC invocations=11 (full 5):
 PSYoungGen      total 102400K, used 0K [0x00000000eab00000, 0x00000000fff00000, 0x0000000100000000)
  eden space 97280K, 0% used [0x00000000eab00000,0x00000000eab00000,0x00000000f0a00000)
  from space 5120K, 0% used [0x00000000f3200000,0x00000000f3200000,0x00000000f3700000)
  to   space 40960K, 0% used [0x00000000f0a00000,0x00000000f0a00000,0x00000000f3200000)
 ParOldGen       total 87552K, used 73728K [0x00000000c0000000, 0x00000000c5580000, 0x00000000eab00000)
  object space 87552K, 84% used [0x00000000c0000000,0x00000000c4800358,0x00000000c5580000)
 Metaspace       used 24871K, capacity 25422K, committed 25600K, reserved 1071104K
  class space    used 2911K, capacity 3051K, committed 3072K, reserved 1048576K
}
Event: 16.188 GC heap before
{Heap before GC invocations=12 (full 6):
 PSYoungGen      total 102400K, used 97280K [0x00000000eab00000, 0x00000000fff00000, 0x0000000100000000)
  eden space 97280K, 100% used [0x00000000eab00000,0x00000000f0a00000,0x00000000f0a00000)
  from space 5120K, 0% used [0x00000000f3200000,0x00000000f3200000,0x00000000f3700000)
  to   space 40960K, 0% used [0x00000000f0a00000,0x00000000f0a00000,0x00000000f3200000)
 ParOldGen       total 87552K, used 73728K [0x00000000c0000000, 0x00000000c5580000, 0x00000000eab00000)
  object space 87552K, 84% used [0x00000000c0000000,0x00000000c4800358,0x00000000c5580000)
 Metaspace       used 24879K, capacity 25428K, committed 25600K, reserved 1071104K
  class space    used 2912K, capacity 3052K, committed 3072K, reserved 1048576K
Event: 16.984 GC heap after
Heap after GC invocations=12 (full 6):
 PSYoungGen      total 102400K, used 4896K [0x00000000eab00000, 0x00000000fff00000, 0x0000000100000000)
  eden space 97280K, 5% used [0x00000000eab00000,0x00000000eafc8310,0x00000000f0a00000)
  from space 5120K, 0% used [0x00000000f3200000,0x00000000f3200000,0x00000000f3700000)
  to   space 40960K, 0% used [0x00000000f0a00000,0x00000000f0a00000,0x00000000f3200000)
 ParOldGen       total 87552K, used 87481K [0x00000000c0000000, 0x00000000c5580000, 0x00000000eab00000)
  object space 87552K, 99% used [0x00000000c0000000,0x00000000c556e618,0x00000000c5580000)
 Metaspace       used 24879K, capacity 25428K, committed 25600K, reserved 1071104K
  class space    used 2912K, capacity 3052K, committed 3072K, reserved 1048576K
}

