# JRE version: Java(TM) SE Runtime Environment (8.0_192-b12) (build 1.8.0_192-b12)
# Java VM: Java HotSpot(TM) 64-Bit Server VM (25.192-b12 mixed mode windows-amd64 compressed oops)
Heap:
 PSYoungGen      total 138240K, used 108283K [0x00000000eab00000, 0x00000000f6800000, 0x0000000100000000)
  eden space 108544K, 83% used [0x00000000eab00000,0x00000000f031b7e0,0x00000000f1500000)
  from space 29696K, 60% used [0x00000000f1500000,0x00000000f26a3420,0x00000000f3200000)
  to   space 28160K, 0% used [0x00000000f4c80000,0x00000000f4c80000,0x00000000f6800000)
 ParOldGen       total 162304K, used 79713K [0x00000000c0000000, 0x00000000c9e80000, 0x00000000eab00000)
  object space 162304K, 49% used [0x00000000c0000000,0x00000000c4dd87d8,0x00000000c9e80000)
 Metaspace       used 24778K, capacity 25370K, committed 25600K, reserved 1071104K
  class space    used 2918K, capacity 3053K, committed 3072K, reserved 1048576K
GC Heap History (10 events):
Event: 4.864 GC heap before
{Heap before GC invocations=5 (full 1):
 PSYoungGen      total 71680K, used 66560K [0x00000000eab00000, 0x00000000ef600000, 0x0000000100000000)
  eden space 66560K, 100% used [0x00000000eab00000,0x00000000eec00000,0x00000000eec00000)
  from space 5120K, 0% used [0x00000000eec00000,0x00000000eec00000,0x00000000ef100000)
  to   space 5120K, 0% used [0x00000000ef100000,0x00000000ef100000,0x00000000ef600000)
 ParOldGen       total 87552K, used 34735K [0x00000000c0000000, 0x00000000c5580000, 0x00000000eab00000)
  object space 87552K, 39% used [0x00000000c0000000,0x00000000c21ebcd0,0x00000000c5580000)
 Metaspace       used 19544K, capacity 20028K, committed 20224K, reserved 1067008K
  class space    used 2362K, capacity 2514K, committed 2560K, reserved 1048576K
Event: 4.888 GC heap after
Heap after GC invocations=5 (full 1):
 PSYoungGen      total 71680K, used 5104K [0x00000000eab00000, 0x00000000f3700000, 0x0000000100000000)
  eden space 66560K, 0% used [0x00000000eab00000,0x00000000eab00000,0x00000000eec00000)
  from space 5120K, 99% used [0x00000000ef100000,0x00000000ef5fc050,0x00000000ef600000)
  to   space 5120K, 0% used [0x00000000eec00000,0x00000000eec00000,0x00000000ef100000)
 ParOldGen       total 87552K, used 46534K [0x00000000c0000000, 0x00000000c5580000, 0x00000000eab00000)
  object space 87552K, 53% used [0x00000000c0000000,0x00000000c2d71a20,0x00000000c5580000)
 Metaspace       used 19544K, capacity 20028K, committed 20224K, reserved 1067008K
  class space    used 2362K, capacity 2514K, committed 2560K, reserved 1048576K
}
Event: 6.761 GC heap before
{Heap before GC invocations=6 (full 1):
 PSYoungGen      total 71680K, used 71664K [0x00000000eab00000, 0x00000000f3700000, 0x0000000100000000)
  eden space 66560K, 100% used [0x00000000eab00000,0x00000000eec00000,0x00000000eec00000)
  from space 5120K, 99% used [0x00000000ef100000,0x00000000ef5fc050,0x00000000ef600000)
  to   space 5120K, 0% used [0x00000000eec00000,0x00000000eec00000,0x00000000ef100000)
 ParOldGen       total 87552K, used 46534K [0x00000000c0000000, 0x00000000c5580000, 0x00000000eab00000)
  object space 87552K, 53% used [0x00000000c0000000,0x00000000c2d71a20,0x00000000c5580000)
 Metaspace       used 20647K, capacity 21224K, committed 21376K, reserved 1069056K
  class space    used 2489K, capacity 2650K, committed 2688K, reserved 1048576K
Event: 6.791 GC heap after
Heap after GC invocations=6 (full 1):
 PSYoungGen      total 71680K, used 5088K [0x00000000eab00000, 0x00000000f3700000, 0x0000000100000000)
  eden space 66560K, 0% used [0x00000000eab00000,0x00000000eab00000,0x00000000eec00000)
  from space 5120K, 99% used [0x00000000eec00000,0x00000000ef0f8050,0x00000000ef100000)
  to   space 5120K, 0% used [0x00000000f3200000,0x00000000f3200000,0x00000000f3700000)
 ParOldGen       total 87552K, used 63382K [0x00000000c0000000, 0x00000000c5580000, 0x00000000eab00000)
  object space 87552K, 72% used [0x00000000c0000000,0x00000000c3de5a70,0x00000000c5580000)
 Metaspace       used 20647K, capacity 21224K, committed 21376K, reserved 1069056K
  class space    used 2489K, capacity 2650K, committed 2688K, reserved 1048576K
}
Event: 7.475 GC heap before
{Heap before GC invocations=7 (full 1):
 PSYoungGen      total 71680K, used 71648K [0x00000000eab00000, 0x00000000f3700000, 0x0000000100000000)
  eden space 66560K, 100% used [0x00000000eab00000,0x00000000eec00000,0x00000000eec00000)
  from space 5120K, 99% used [0x00000000eec00000,0x00000000ef0f8050,0x00000000ef100000)
  to   space 5120K, 0% used [0x00000000f3200000,0x00000000f3200000,0x00000000f3700000)
 ParOldGen       total 87552K, used 63382K [0x00000000c0000000, 0x00000000c5580000, 0x00000000eab00000)
  object space 87552K, 72% used [0x00000000c0000000,0x00000000c3de5a70,0x00000000c5580000)
 Metaspace       used 21497K, capacity 22008K, committed 22272K, reserved 1069056K
  class space    used 2580K, capacity 2754K, committed 2816K, reserved 1048576K
Event: 7.511 GC heap after
Heap after GC invocations=7 (full 1):
 PSYoungGen      total 113664K, used 5114K [0x00000000eab00000, 0x00000000f6700000, 0x0000000100000000)
  eden space 108544K, 0% used [0x00000000eab00000,0x00000000eab00000,0x00000000f1500000)
  from space 5120K, 99% used [0x00000000f3200000,0x00000000f36feb08,0x00000000f3700000)
  to   space 29696K, 0% used [0x00000000f1500000,0x00000000f1500000,0x00000000f3200000)
 ParOldGen       total 87552K, used 84159K [0x00000000c0000000, 0x00000000c5580000, 0x00000000eab00000)
  object space 87552K, 96% used [0x00000000c0000000,0x00000000c522fc00,0x00000000c5580000)
 Metaspace       used 21497K, capacity 22008K, committed 22272K, reserved 1069056K
  class space    used 2580K, capacity 2754K, committed 2816K, reserved 1048576K
}
Event: 7.511 GC heap before
{Heap before GC invocations=8 (full 2):
 PSYoungGen      total 113664K, used 5114K [0x00000000eab00000, 0x00000000f6700000, 0x0000000100000000)
  eden space 108544K, 0% used [0x00000000eab00000,0x00000000eab00000,0x00000000f1500000)
  from space 5120K, 99% used [0x00000000f3200000,0x00000000f36feb08,0x00000000f3700000)
  to   space 29696K, 0% used [0x00000000f1500000,0x00000000f1500000,0x00000000f3200000)
 ParOldGen       total 87552K, used 84159K [0x00000000c0000000, 0x00000000c5580000, 0x00000000eab00000)
  object space 87552K, 96% used [0x00000000c0000000,0x00000000c522fc00,0x00000000c5580000)
 Metaspace       used 21497K, capacity 22008K, committed 22272K, reserved 1069056K
  class space    used 2580K, capacity 2754K, committed 2816K, reserved 1048576K
Event: 7.988 GC heap after
Heap after GC invocations=8 (full 2):
 PSYoungGen      total 113664K, used 0K [0x00000000eab00000, 0x00000000f6700000, 0x0000000100000000)
  eden space 108544K, 0% used [0x00000000eab00000,0x00000000eab00000,0x00000000f1500000)
  from space 5120K, 0% used [0x00000000f3200000,0x00000000f3200000,0x00000000f3700000)
  to   space 29696K, 0% used [0x00000000f1500000,0x00000000f1500000,0x00000000f3200000)
 ParOldGen       total 162304K, used 79713K [0x00000000c0000000, 0x00000000c9e80000, 0x00000000eab00000)
  object space 162304K, 49% used [0x00000000c0000000,0x00000000c4dd87d8,0x00000000c9e80000)
 Metaspace       used 21497K, capacity 22008K, committed 22272K, reserved 1069056K
  class space    used 2580K, capacity 2754K, committed 2816K, reserved 1048576K
}
Event: 8.749 GC heap before
{Heap before GC invocations=9 (full 2):
 PSYoungGen      total 113664K, used 108544K [0x00000000eab00000, 0x00000000f6700000, 0x0000000100000000)
  eden space 108544K, 100% used [0x00000000eab00000,0x00000000f1500000,0x00000000f1500000)
  from space 5120K, 0% used [0x00000000f3200000,0x00000000f3200000,0x00000000f3700000)
  to   space 29696K, 0% used [0x00000000f1500000,0x00000000f1500000,0x00000000f3200000)
 ParOldGen       total 162304K, used 79713K [0x00000000c0000000, 0x00000000c9e80000, 0x00000000eab00000)
  object space 162304K, 49% used [0x00000000c0000000,0x00000000c4dd87d8,0x00000000c9e80000)
 Metaspace       used 22115K, capacity 22652K, committed 22784K, reserved 1069056K
  class space    used 2638K, capacity 2792K, committed 2816K, reserved 1048576K
Event: 8.787 GC heap after
Heap after GC invocations=9 (full 2):
 PSYoungGen      total 138240K, used 18061K [0x00000000eab00000, 0x00000000f6800000, 0x0000000100000000)
  eden space 108544K, 0% used [0x00000000eab00000,0x00000000eab00000,0x00000000f1500000)
  from space 29696K, 60% used [0x00000000f1500000,0x00000000f26a3420,0x00000000f3200000)
  to   space 28160K, 0% used [0x00000000f4c80000,0x00000000f4c80000,0x00000000f6800000)
 ParOldGen       total 162304K, used 79713K [0x00000000c0000000, 0x00000000c9e80000, 0x00000000eab00000)
  object space 162304K, 49% used [0x00000000c0000000,0x00000000c4dd87d8,0x00000000c9e80000)
 Metaspace       used 22115K, capacity 22652K, committed 22784K, reserved 1069056K
  class space    used 2638K, capacity 2792K, committed 2816K, reserved 1048576K
}

