# JRE version: Java(TM) SE Runtime Environment (8.0_192-b12) (build 1.8.0_192-b12)
# Java VM: Java HotSpot(TM) 64-Bit Server VM (25.192-b12 mixed mode windows-amd64 compressed oops)
Heap:
 PSYoungGen      total 109568K, used 34862K [0x00000000eab00000, 0x00000000f9880000, 0x0000000100000000)
  eden space 104448K, 28% used [0x00000000eab00000,0x00000000ec812750,0x00000000f1100000)
  from space 5120K, 99% used [0x00000000f3200000,0x00000000f36f92f0,0x00000000f3700000)
  to   space 33792K, 0% used [0x00000000f1100000,0x00000000f1100000,0x00000000f3200000)
 ParOldGen       total 131072K, used 85709K [0x00000000c0000000, 0x00000000c8000000, 0x00000000eab00000)
  object space 131072K, 65% used [0x00000000c0000000,0x00000000c53b3640,0x00000000c8000000)
 Metaspace       used 22165K, capacity 22666K, committed 22960K, reserved 1069056K
  class space    used 2645K, capacity 2773K, committed 2816K, reserved 1048576K
GC Heap History (10 events):
Event: 3.203 GC heap before
{Heap before GC invocations=3 (full 0):
 PSYoungGen      total 71680K, used 71669K [0x00000000eab00000, 0x00000000ef600000, 0x0000000100000000)
  eden space 66560K, 99% used [0x00000000eab00000,0x00000000eebff160,0x00000000eec00000)
  from space 5120K, 99% used [0x00000000ef100000,0x00000000ef5fe680,0x00000000ef600000)
  to   space 5120K, 0% used [0x00000000eec00000,0x00000000eec00000,0x00000000ef100000)
 ParOldGen       total 87552K, used 19285K [0x00000000c0000000, 0x00000000c5580000, 0x00000000eab00000)
  object space 87552K, 22% used [0x00000000c0000000,0x00000000c12d5770,0x00000000c5580000)
 Metaspace       used 16045K, capacity 16526K, committed 16640K, reserved 1064960K
  class space    used 1921K, capacity 2043K, committed 2048K, reserved 1048576K
Event: 3.236 GC heap after
Heap after GC invocations=3 (full 0):
 PSYoungGen      total 71680K, used 5097K [0x00000000eab00000, 0x00000000f3700000, 0x0000000100000000)
  eden space 66560K, 0% used [0x00000000eab00000,0x00000000eab00000,0x00000000eec00000)
  from space 5120K, 99% used [0x00000000eec00000,0x00000000ef0fa660,0x00000000ef100000)
  to   space 5120K, 0% used [0x00000000f3200000,0x00000000f3200000,0x00000000f3700000)
 ParOldGen       total 87552K, used 34656K [0x00000000c0000000, 0x00000000c5580000, 0x00000000eab00000)
  object space 87552K, 39% used [0x00000000c0000000,0x00000000c21d8270,0x00000000c5580000)
 Metaspace       used 16045K, capacity 16526K, committed 16640K, reserved 1064960K
  class space    used 1921K, capacity 2043K, committed 2048K, reserved 1048576K
}
Event: 3.910 GC heap before
{Heap before GC invocations=4 (full 0):
 PSYoungGen      total 71680K, used 34847K [0x00000000eab00000, 0x00000000f3700000, 0x0000000100000000)
  eden space 66560K, 44% used [0x00000000eab00000,0x00000000ec80d628,0x00000000eec00000)
  from space 5120K, 99% used [0x00000000eec00000,0x00000000ef0fa660,0x00000000ef100000)
  to   space 5120K, 0% used [0x00000000f3200000,0x00000000f3200000,0x00000000f3700000)
 ParOldGen       total 87552K, used 34656K [0x00000000c0000000, 0x00000000c5580000, 0x00000000eab00000)
  object space 87552K, 39% used [0x00000000c0000000,0x00000000c21d8270,0x00000000c5580000)
 Metaspace       used 18441K, capacity 18874K, committed 19072K, reserved 1067008K
  class space    used 2213K, capacity 2347K, committed 2432K, reserved 1048576K
Event: 3.935 GC heap after
Heap after GC invocations=4 (full 0):
 PSYoungGen      total 138240K, used 5088K [0x00000000eab00000, 0x00000000f3700000, 0x0000000100000000)
  eden space 133120K, 0% used [0x00000000eab00000,0x00000000eab00000,0x00000000f2d00000)
  from space 5120K, 99% used [0x00000000f3200000,0x00000000f36f8040,0x00000000f3700000)
  to   space 5120K, 0% used [0x00000000f2d00000,0x00000000f2d00000,0x00000000f3200000)
 ParOldGen       total 87552K, used 42661K [0x00000000c0000000, 0x00000000c5580000, 0x00000000eab00000)
  object space 87552K, 48% used [0x00000000c0000000,0x00000000c29a97a0,0x00000000c5580000)
 Metaspace       used 18441K, capacity 18874K, committed 19072K, reserved 1067008K
  class space    used 2213K, capacity 2347K, committed 2432K, reserved 1048576K
}
Event: 4.946 GC heap before
{Heap before GC invocations=5 (full 0):
 PSYoungGen      total 138240K, used 50353K [0x00000000eab00000, 0x00000000f3700000, 0x0000000100000000)
  eden space 133120K, 34% used [0x00000000eab00000,0x00000000ed7344e0,0x00000000f2d00000)
  from space 5120K, 99% used [0x00000000f3200000,0x00000000f36f8040,0x00000000f3700000)
  to   space 5120K, 0% used [0x00000000f2d00000,0x00000000f2d00000,0x00000000f3200000)
 ParOldGen       total 87552K, used 42661K [0x00000000c0000000, 0x00000000c5580000, 0x00000000eab00000)
  object space 87552K, 48% used [0x00000000c0000000,0x00000000c29a97a0,0x00000000c5580000)
 Metaspace       used 20728K, capacity 21190K, committed 21296K, reserved 1069056K
  class space    used 2485K, capacity 2647K, committed 2688K, reserved 1048576K
Event: 4.992 GC heap after
Heap after GC invocations=5 (full 0):
 PSYoungGen      total 138240K, used 5088K [0x00000000eab00000, 0x00000000f3700000, 0x0000000100000000)
  eden space 133120K, 0% used [0x00000000eab00000,0x00000000eab00000,0x00000000f2d00000)
  from space 5120K, 99% used [0x00000000f2d00000,0x00000000f31f8050,0x00000000f3200000)
  to   space 5120K, 0% used [0x00000000f3200000,0x00000000f3200000,0x00000000f3700000)
 ParOldGen       total 87552K, used 55421K [0x00000000c0000000, 0x00000000c5580000, 0x00000000eab00000)
  object space 87552K, 63% used [0x00000000c0000000,0x00000000c361f6f8,0x00000000c5580000)
 Metaspace       used 20728K, capacity 21190K, committed 21296K, reserved 1069056K
  class space    used 2485K, capacity 2647K, committed 2688K, reserved 1048576K
}
Event: 4.993 GC heap before
{Heap before GC invocations=6 (full 1):
 PSYoungGen      total 138240K, used 5088K [0x00000000eab00000, 0x00000000f3700000, 0x0000000100000000)
  eden space 133120K, 0% used [0x00000000eab00000,0x00000000eab00000,0x00000000f2d00000)
  from space 5120K, 99% used [0x00000000f2d00000,0x00000000f31f8050,0x00000000f3200000)
  to   space 5120K, 0% used [0x00000000f3200000,0x00000000f3200000,0x00000000f3700000)
 ParOldGen       total 87552K, used 55421K [0x00000000c0000000, 0x00000000c5580000, 0x00000000eab00000)
  object space 87552K, 63% used [0x00000000c0000000,0x00000000c361f6f8,0x00000000c5580000)
 Metaspace       used 20728K, capacity 21190K, committed 21296K, reserved 1069056K
  class space    used 2485K, capacity 2647K, committed 2688K, reserved 1048576K
Event: 5.344 GC heap after
Heap after GC invocations=6 (full 1):
 PSYoungGen      total 138240K, used 0K [0x00000000eab00000, 0x00000000f3700000, 0x0000000100000000)
  eden space 133120K, 0% used [0x00000000eab00000,0x00000000eab00000,0x00000000f2d00000)
  from space 5120K, 0% used [0x00000000f2d00000,0x00000000f2d00000,0x00000000f3200000)
  to   space 5120K, 0% used [0x00000000f3200000,0x00000000f3200000,0x00000000f3700000)
 ParOldGen       total 131072K, used 55578K [0x00000000c0000000, 0x00000000c8000000, 0x00000000eab00000)
  object space 131072K, 42% used [0x00000000c0000000,0x00000000c36468d8,0x00000000c8000000)
 Metaspace       used 20723K, capacity 21182K, committed 21296K, reserved 1069056K
  class space    used 2483K, capacity 2643K, committed 2688K, reserved 1048576K
}
Event: 6.826 GC heap before
{Heap before GC invocations=7 (full 1):
 PSYoungGen      total 138240K, used 133120K [0x00000000eab00000, 0x00000000f3700000, 0x0000000100000000)
  eden space 133120K, 100% used [0x00000000eab00000,0x00000000f2d00000,0x00000000f2d00000)
  from space 5120K, 0% used [0x00000000f2d00000,0x00000000f2d00000,0x00000000f3200000)
  to   space 5120K, 0% used [0x00000000f3200000,0x00000000f3200000,0x00000000f3700000)
 ParOldGen       total 131072K, used 55578K [0x00000000c0000000, 0x00000000c8000000, 0x00000000eab00000)
  object space 131072K, 42% used [0x00000000c0000000,0x00000000c36468d8,0x00000000c8000000)
 Metaspace       used 22058K, capacity 22538K, committed 22704K, reserved 1069056K
  class space    used 2638K, capacity 2773K, committed 2816K, reserved 1048576K
Event: 6.880 GC heap after
Heap after GC invocations=7 (full 1):
 PSYoungGen      total 109568K, used 5092K [0x00000000eab00000, 0x00000000f9880000, 0x0000000100000000)
  eden space 104448K, 0% used [0x00000000eab00000,0x00000000eab00000,0x00000000f1100000)
  from space 5120K, 99% used [0x00000000f3200000,0x00000000f36f92f0,0x00000000f3700000)
  to   space 33792K, 0% used [0x00000000f1100000,0x00000000f1100000,0x00000000f3200000)
 ParOldGen       total 131072K, used 85709K [0x00000000c0000000, 0x00000000c8000000, 0x00000000eab00000)
  object space 131072K, 65% used [0x00000000c0000000,0x00000000c53b3640,0x00000000c8000000)
 Metaspace       used 22058K, capacity 22538K, committed 22704K, reserved 1069056K
  class space    used 2638K, capacity 2773K, committed 2816K, reserved 1048576K
}

